<?xml version="1.0" encoding="UTF-8"?>
<testng-results ignored="0" total="1" passed="1" failed="0" skipped="0">
  <reporter-output>
  </reporter-output>
  <suite started-at="2024-01-19T19:14:31 GST" name="Default suite" finished-at="2024-01-19T19:14:42 GST" duration-ms="11588">
    <groups>
    </groups>
    <test started-at="2024-01-19T19:14:31 GST" name="Default test" finished-at="2024-01-19T19:14:42 GST" duration-ms="11588">
      <class name="com.qa.saucedemo.SauceDemoWebsite.SauceDemoTestCases">
        <test-method is-config="true" signature="initialisation()[pri:0, instance:com.qa.saucedemo.SauceDemoWebsite.SauceDemoTestCases@5fe94a96]" started-at="2024-01-19T19:14:31 GST" name="initialisation" finished-at="2024-01-19T19:14:42 GST" duration-ms="11165" status="PASS">
          <reporter-output>
          </reporter-output>
        </test-method> <!-- initialisation -->
        <test-method signature="footerLinksValidation()[pri:39, instance:com.qa.saucedemo.SauceDemoWebsite.SauceDemoTestCases@5fe94a96]" started-at="2024-01-19T19:14:42 GST" name="footerLinksValidation" finished-at="2024-01-19T19:14:42 GST" duration-ms="376" status="PASS">
          <reporter-output>
          </reporter-output>
        </test-method> <!-- footerLinksValidation -->
      </class> <!-- com.qa.saucedemo.SauceDemoWebsite.SauceDemoTestCases -->
    </test> <!-- Default test -->
  </suite> <!-- Default suite -->
</testng-results>
