<?xml version="1.0" encoding="UTF-8"?>
<!-- Generated by org.testng.reporters.JUnitXMLReporter -->
<testsuite ignored="38" hostname="DESKTOP-V6J6GJP" failures="0" tests="1" name="Default test" time="11.588" errors="0" timestamp="2024-01-19T19:14:42 GST">
  <testcase classname="com.qa.saucedemo.SauceDemoWebsite.SauceDemoTestCases" name="footerLinksValidation" time="0.376"/>
  <testcase classname="com.qa.saucedemo.SauceDemoWebsite.SauceDemoTestCases" name="selectProductByAlphabeticalOrderValidation" time="0.0">
    <ignored/>
  </testcase> <!-- selectProductByAlphabeticalOrderValidation -->
  <testcase classname="com.qa.saucedemo.SauceDemoWebsite.SauceDemoTestCases" name="hamburgerLogoutValidation" time="0.0">
    <ignored/>
  </testcase> <!-- hamburgerLogoutValidation -->
  <testcase classname="com.qa.saucedemo.SauceDemoWebsite.SauceDemoTestCases" name="chekoutStepTwoPageCancelBtnValidation" time="0.0">
    <ignored/>
  </testcase> <!-- chekoutStepTwoPageCancelBtnValidation -->
  <testcase classname="com.qa.saucedemo.SauceDemoWebsite.SauceDemoTestCases" name="cartPageCheckoutBtnValidation" time="0.0">
    <ignored/>
  </testcase> <!-- cartPageCheckoutBtnValidation -->
  <testcase classname="com.qa.saucedemo.SauceDemoWebsite.SauceDemoTestCases" name="addToCartButtonValidation" time="0.0">
    <ignored/>
  </testcase> <!-- addToCartButtonValidation -->
  <testcase classname="com.qa.saucedemo.SauceDemoWebsite.SauceDemoTestCases" name="checkoutStepOnePageFirstNameEmptyValidation" time="0.0">
    <ignored/>
  </testcase> <!-- checkoutStepOnePageFirstNameEmptyValidation -->
  <testcase classname="com.qa.saucedemo.SauceDemoWebsite.SauceDemoTestCases" name="chekoutStepTwoPageValidation" time="0.0">
    <ignored/>
  </testcase> <!-- chekoutStepTwoPageValidation -->
  <testcase classname="com.qa.saucedemo.SauceDemoWebsite.SauceDemoTestCases" name="hamburgerValidation" time="0.0">
    <ignored/>
  </testcase> <!-- hamburgerValidation -->
  <testcase classname="com.qa.saucedemo.SauceDemoWebsite.SauceDemoTestCases" name="chekoutStepTwoPageFinishBtnValidation" time="0.0">
    <ignored/>
  </testcase> <!-- chekoutStepTwoPageFinishBtnValidation -->
  <testcase classname="com.qa.saucedemo.SauceDemoWebsite.SauceDemoTestCases" name="clickOnAddToCartButtonValidation" time="0.0">
    <ignored/>
  </testcase> <!-- clickOnAddToCartButtonValidation -->
  <testcase classname="com.qa.saucedemo.SauceDemoWebsite.SauceDemoTestCases" name="checkoutStepOnePageEmptyFieldsValidation" time="0.0">
    <ignored/>
  </testcase> <!-- checkoutStepOnePageEmptyFieldsValidation -->
  <testcase classname="com.qa.saucedemo.SauceDemoWebsite.SauceDemoTestCases" name="clickOnAnyProductValidation" time="0.0">
    <ignored/>
  </testcase> <!-- clickOnAnyProductValidation -->
  <testcase classname="com.qa.saucedemo.SauceDemoWebsite.SauceDemoTestCases" name="hamburgerAboutValidation" time="0.0">
    <ignored/>
  </testcase> <!-- hamburgerAboutValidation -->
  <testcase classname="com.qa.saucedemo.SauceDemoWebsite.SauceDemoTestCases" name="loginWithInvalidEmailAndValidPwd" time="0.0">
    <ignored/>
  </testcase> <!-- loginWithInvalidEmailAndValidPwd -->
  <testcase classname="com.qa.saucedemo.SauceDemoWebsite.SauceDemoTestCases" name="checkoutStepTwoPageSubTotalValidation" time="0.0">
    <ignored/>
  </testcase> <!-- checkoutStepTwoPageSubTotalValidation -->
  <testcase classname="com.qa.saucedemo.SauceDemoWebsite.SauceDemoTestCases" name="selectProductByReverseAlphabeticalOrderValidation" time="0.0">
    <ignored/>
  </testcase> <!-- selectProductByReverseAlphabeticalOrderValidation -->
  <testcase classname="com.qa.saucedemo.SauceDemoWebsite.SauceDemoTestCases" name="chekoutCompletePageValidation" time="0.0">
    <ignored/>
  </testcase> <!-- chekoutCompletePageValidation -->
  <testcase classname="com.qa.saucedemo.SauceDemoWebsite.SauceDemoTestCases" name="loginWithValidCredentials" time="0.0">
    <ignored/>
  </testcase> <!-- loginWithValidCredentials -->
  <testcase classname="com.qa.saucedemo.SauceDemoWebsite.SauceDemoTestCases" name="selectProductByLowToHigh" time="0.0">
    <ignored/>
  </testcase> <!-- selectProductByLowToHigh -->
  <testcase classname="com.qa.saucedemo.SauceDemoWebsite.SauceDemoTestCases" name="loginWithInvalidCredentials" time="0.0">
    <ignored/>
  </testcase> <!-- loginWithInvalidCredentials -->
  <testcase classname="com.qa.saucedemo.SauceDemoWebsite.SauceDemoTestCases" name="checkoutStepOnePageLastNameEmptyValidation" time="0.0">
    <ignored/>
  </testcase> <!-- checkoutStepOnePageLastNameEmptyValidation -->
  <testcase classname="com.qa.saucedemo.SauceDemoWebsite.SauceDemoTestCases" name="inventoryPageValidation" time="0.0">
    <ignored/>
  </testcase> <!-- inventoryPageValidation -->
  <testcase classname="com.qa.saucedemo.SauceDemoWebsite.SauceDemoTestCases" name="chekoutStepOnePageCancelBtnValidation" time="0.0">
    <ignored/>
  </testcase> <!-- chekoutStepOnePageCancelBtnValidation -->
  <testcase classname="com.qa.saucedemo.SauceDemoWebsite.SauceDemoTestCases" name="checkoutStepOnePageValidation" time="0.0">
    <ignored/>
  </testcase> <!-- checkoutStepOnePageValidation -->
  <testcase classname="com.qa.saucedemo.SauceDemoWebsite.SauceDemoTestCases" name="filterDropdownValidation" time="0.0">
    <ignored/>
  </testcase> <!-- filterDropdownValidation -->
  <testcase classname="com.qa.saucedemo.SauceDemoWebsite.SauceDemoTestCases" name="backTOProductsValidation" time="0.0">
    <ignored/>
  </testcase> <!-- backTOProductsValidation -->
  <testcase classname="com.qa.saucedemo.SauceDemoWebsite.SauceDemoTestCases" name="cartPageRemoveButtonValidation" time="0.0">
    <ignored/>
  </testcase> <!-- cartPageRemoveButtonValidation -->
  <testcase classname="com.qa.saucedemo.SauceDemoWebsite.SauceDemoTestCases" name="checkoutStepOnePageContinueBtnValidation" time="0.0">
    <ignored/>
  </testcase> <!-- checkoutStepOnePageContinueBtnValidation -->
  <testcase classname="com.qa.saucedemo.SauceDemoWebsite.SauceDemoTestCases" name="selectProductByHighToLow" time="0.0">
    <ignored/>
  </testcase> <!-- selectProductByHighToLow -->
  <testcase classname="com.qa.saucedemo.SauceDemoWebsite.SauceDemoTestCases" name="cartPageValidation" time="0.0">
    <ignored/>
  </testcase> <!-- cartPageValidation -->
  <testcase classname="com.qa.saucedemo.SauceDemoWebsite.SauceDemoTestCases" name="checkoutStepOneFieldsValidation" time="0.0">
    <ignored/>
  </testcase> <!-- checkoutStepOneFieldsValidation -->
  <testcase classname="com.qa.saucedemo.SauceDemoWebsite.SauceDemoTestCases" name="checkoutStepOnePagePostalCodeFieldEmptyValidation" time="0.0">
    <ignored/>
  </testcase> <!-- checkoutStepOnePagePostalCodeFieldEmptyValidation -->
  <testcase classname="com.qa.saucedemo.SauceDemoWebsite.SauceDemoTestCases" name="hamburgerAllItemsValidation" time="0.0">
    <ignored/>
  </testcase> <!-- hamburgerAllItemsValidation -->
  <testcase classname="com.qa.saucedemo.SauceDemoWebsite.SauceDemoTestCases" name="cartPageContinueBtnValidation" time="0.0">
    <ignored/>
  </testcase> <!-- cartPageContinueBtnValidation -->
  <testcase classname="com.qa.saucedemo.SauceDemoWebsite.SauceDemoTestCases" name="loginWithValidEMailAndInvalidPwd" time="0.0">
    <ignored/>
  </testcase> <!-- loginWithValidEMailAndInvalidPwd -->
  <testcase classname="com.qa.saucedemo.SauceDemoWebsite.SauceDemoTestCases" name="loginPageValidation" time="0.0">
    <ignored/>
  </testcase> <!-- loginPageValidation -->
  <testcase classname="com.qa.saucedemo.SauceDemoWebsite.SauceDemoTestCases" name="inventoryProductsDetails" time="0.0">
    <ignored/>
  </testcase> <!-- inventoryProductsDetails -->
  <testcase classname="com.qa.saucedemo.SauceDemoWebsite.SauceDemoTestCases" name="checkoutStepOnePageContinueBtnWithoutDataValidation" time="0.0">
    <ignored/>
  </testcase> <!-- checkoutStepOnePageContinueBtnWithoutDataValidation -->
</testsuite> <!-- Default test -->
